2014/07/20 7:17:46 にビルドを開始しました。
     1>ノード 2 上のプロジェクト "C:\Users\1223138\Documents\Visual Studio 2010\Projects\BattleMaster\BattleMaster\BattleMaster.vcxproj" (build ターゲット)。
     1>InitializeBuildStatus:
         "AlwaysCreate" が指定されたため "Release\BattleMaster.unsuccessfulbuild" を作成しています。
       ClCompile:
         c:\Program Files (x86)\Microsoft Visual Studio 10.0\VC\bin\CL.exe /c /Zi /nologo /W3 /WX- /O2 /Oi /Oy- /GL /D WIN32 /D NDEBUG /D _CONSOLE /D _UNICODE /D UNICODE /Gm- /EHsc /MD /GS /Gy /fp:precise /Zc:wchar_t /Zc:forScope /Fo"Release\\" /Fd"Release\vc100.pdb" /Gd /TP /analyze- /errorReport:prompt "..\..\..\..\KAIT\応用プログラミングC\応用プログラミングC\Source.cpp"
         Source.cpp
       Link:
         c:\Program Files (x86)\Microsoft Visual Studio 10.0\VC\bin\link.exe /ERRORREPORT:PROMPT /OUT:"C:\Users\1223138\Documents\Visual Studio 2010\Projects\BattleMaster\Release\BattleMaster.exe" /INCREMENTAL:NO /NOLOGO kernel32.lib user32.lib gdi32.lib winspool.lib comdlg32.lib advapi32.lib shell32.lib ole32.lib oleaut32.lib uuid.lib odbc32.lib odbccp32.lib /MANIFEST /ManifestFile:"Release\BattleMaster.exe.intermediate.manifest" /MANIFESTUAC:"level='asInvoker' uiAccess='false'" /DEBUG /PDB:"C:\Users\1223138\Documents\Visual Studio 2010\Projects\BattleMaster\Release\BattleMaster.pdb" /SUBSYSTEM:CONSOLE /OPT:REF /OPT:ICF /LTCG /TLBID:1 /DYNAMICBASE /NXCOMPAT /IMPLIB:"C:\Users\1223138\Documents\Visual Studio 2010\Projects\BattleMaster\Release\BattleMaster.lib" /MACHINE:X86 Release\Source.obj
         コード生成しています。
         コード生成が終了しました。
         BattleMaster.vcxproj -> C:\Users\1223138\Documents\Visual Studio 2010\Projects\BattleMaster\Release\BattleMaster.exe
       Manifest:
         C:\Program Files (x86)\Microsoft SDKs\Windows\v7.0A\bin\mt.exe /nologo /verbose /outputresource:"C:\Users\1223138\Documents\Visual Studio 2010\Projects\BattleMaster\Release\BattleMaster.exe;#1" /manifest Release\BattleMaster.exe.intermediate.manifest
       FinalizeBuildStatus:
         ファイル "Release\BattleMaster.unsuccessfulbuild" を削除しています。
         "Release\BattleMaster.lastbuildstate" のタッチ タスクを実行しています。
     1>プロジェクト "C:\Users\1223138\Documents\Visual Studio 2010\Projects\BattleMaster\BattleMaster\BattleMaster.vcxproj" (build ターゲット) のビルドが完了しました。

ビルドに成功しました。

経過時間 00:00:00.62
